<?xml version="1.0" encoding="utf-8"?><testsuites name="pytest tests"><testsuite name="pytest" errors="0" failures="0" skipped="0" tests="11" time="1.007" timestamp="2026-05-04T13:46:56.875832+00:00" hostname="agent-env-cc52874f-6378-4e33-8467-f3e6499bb916"><testcase classname="backend.tests.backend_test.TestRoot" name="test_root_welcome" time="0.238" /><testcase classname="backend.tests.backend_test.TestReservations" name="test_create_reservation_success" time="0.056" /><testcase classname="backend.tests.backend_test.TestReservations" name="test_create_reservation_with_email" time="0.051" /><testcase classname="backend.tests.backend_test.TestReservations" name="test_reject_too_many_guests" time="0.048" /><testcase classname="backend.tests.backend_test.TestReservations" name="test_reject_missing_required_fields" time="0.056" /><testcase classname="backend.tests.backend_test.TestReservations" name="test_reject_invalid_email" time="0.047" /><testcase classname="backend.tests.backend_test.TestReservations" name="test_list_reservations_sorted" time="0.058" /><testcase classname="backend.tests.backend_test.TestContact" name="test_create_contact_success" time="0.051" /><testcase classname="backend.tests.backend_test.TestContact" name="test_reject_invalid_email_contact" time="0.048" /><testcase classname="backend.tests.backend_test.TestContact" name="test_reject_missing_message" time="0.047" /><testcase classname="backend.tests.backend_test.TestContact" name="test_list_contact" time="0.051" /></testsuite></testsuites>